<?xml version="1.0" encoding="UTF-8"?>
<testng-results ignored="0" total="1" passed="1" failed="0" skipped="0">
  <reporter-output>
  </reporter-output>
  <suite started-at="2023-05-23T06:49:03Z" name="Suite" finished-at="2023-05-23T06:49:09Z" duration-ms="5752">
    <groups>
    </groups>
    <test started-at="2023-05-23T06:49:03Z" name="Test" finished-at="2023-05-23T06:49:09Z" duration-ms="5752">
      <class name="org.test.JenkinsBrowserLaunching">
        <test-method signature="tc0()[pri:0, instance:org.test.JenkinsBrowserLaunching@6676f6a0]" started-at="2023-05-23T06:49:03Z" name="tc0" finished-at="2023-05-23T06:49:09Z" duration-ms="5730" status="PASS">
          <reporter-output>
          </reporter-output>
        </test-method> <!-- tc0 -->
      </class> <!-- org.test.JenkinsBrowserLaunching -->
    </test> <!-- Test -->
  </suite> <!-- Suite -->
</testng-results>
